<?xml version="1.0" encoding="UTF-8" standalone="no"?>
<testsuite failures="1" name="cucumber.runtime.formatter.JUnitFormatter" skipped="0" tests="2" time="48.855241">
    <testcase classname="Validate the facebook functionality" name="Validate the login detail" time="48.710029">
        <system-out><![CDATA[Given user is on facebook page..............................................passed
When user enters userName "arun@gmail.com"and password"0000"................passed
And user click login button.................................................passed
Then user successfully displayed............................................passed
]]></system-out>
    </testcase>
    <testcase classname="Validate the facebook functionality" name="Validate the single login detail" time="0.145212">
        <failure message="org.openqa.selenium.NoSuchSessionException: Session ID is null. Using WebDriver after calling quit()?&#10;Build info: version: '3.141.59', revision: 'e82be7d358', time: '2018-11-14T08:17:03'&#10;System info: host: 'DESKTOP-B0FE53H', ip: '192.168.239.43', os.name: 'Windows 10', os.arch: 'amd64', os.version: '10.0', java.version: '17.0.9'&#10;Driver info: driver.version: RemoteWebDriver&#13;&#10;&#9;at org.openqa.selenium.remote.HttpCommandExecutor.execute(HttpCommandExecutor.java:125)&#13;&#10;&#9;at org.openqa.selenium.remote.service.DriverCommandExecutor.execute(DriverCommandExecutor.java:83)&#13;&#10;&#9;at org.openqa.selenium.remote.RemoteWebDriver.execute(RemoteWebDriver.java:552)&#13;&#10;&#9;at org.openqa.selenium.remote.RemoteWebDriver.findElements(RemoteWebDriver.java:353)&#13;&#10;&#9;at org.openqa.selenium.remote.RemoteWebDriver.findElementsByName(RemoteWebDriver.java:408)&#13;&#10;&#9;at org.openqa.selenium.By$ByName.findElements(By.java:276)&#13;&#10;&#9;at org.openqa.selenium.remote.RemoteWebDriver.findElements(RemoteWebDriver.java:311)&#13;&#10;&#9;at org.openqa.selenium.support.pagefactory.ByAll.findElement(ByAll.java:53)&#13;&#10;&#9;at org.openqa.selenium.remote.RemoteWebDriver.findElement(RemoteWebDriver.java:315)&#13;&#10;&#9;at org.openqa.selenium.support.pagefactory.DefaultElementLocator.findElement(DefaultElementLocator.java:69)&#13;&#10;&#9;at org.openqa.selenium.support.pagefactory.internal.LocatingElementHandler.invoke(LocatingElementHandler.java:38)&#13;&#10;&#9;at jdk.proxy2/jdk.proxy2.$Proxy21.click(Unknown Source)&#13;&#10;&#9;at New.pratices.BaseClass.textClick(BaseClass.java:56)&#13;&#10;&#9;at com.stepdefinition.StepDefinition.user_click_login_button(StepDefinition.java:31)&#13;&#10;&#9;at ✽.user click login button(file:/C:/Users/Lenovo/eclipse-workspace/NewPratice/src/test/resources/login.feature:17)&#13;&#10;"><![CDATA[When user enters userName and password......................................passed
And user click login button.................................................failed

StackTrace:
org.openqa.selenium.NoSuchSessionException: Session ID is null. Using WebDriver after calling quit()?
Build info: version: '3.141.59', revision: 'e82be7d358', time: '2018-11-14T08:17:03'
System info: host: 'DESKTOP-B0FE53H', ip: '192.168.239.43', os.name: 'Windows 10', os.arch: 'amd64', os.version: '10.0', java.version: '17.0.9'
Driver info: driver.version: RemoteWebDriver
	at org.openqa.selenium.remote.HttpCommandExecutor.execute(HttpCommandExecutor.java:125)
	at org.openqa.selenium.remote.service.DriverCommandExecutor.execute(DriverCommandExecutor.java:83)
	at org.openqa.selenium.remote.RemoteWebDriver.execute(RemoteWebDriver.java:552)
	at org.openqa.selenium.remote.RemoteWebDriver.findElements(RemoteWebDriver.java:353)
	at org.openqa.selenium.remote.RemoteWebDriver.findElementsByName(RemoteWebDriver.java:408)
	at org.openqa.selenium.By$ByName.findElements(By.java:276)
	at org.openqa.selenium.remote.RemoteWebDriver.findElements(RemoteWebDriver.java:311)
	at org.openqa.selenium.support.pagefactory.ByAll.findElement(ByAll.java:53)
	at org.openqa.selenium.remote.RemoteWebDriver.findElement(RemoteWebDriver.java:315)
	at org.openqa.selenium.support.pagefactory.DefaultElementLocator.findElement(DefaultElementLocator.java:69)
	at org.openqa.selenium.support.pagefactory.internal.LocatingElementHandler.invoke(LocatingElementHandler.java:38)
	at jdk.proxy2/jdk.proxy2.$Proxy21.click(Unknown Source)
	at New.pratices.BaseClass.textClick(BaseClass.java:56)
	at com.stepdefinition.StepDefinition.user_click_login_button(StepDefinition.java:31)
	at ✽.user click login button(file:/C:/Users/Lenovo/eclipse-workspace/NewPratice/src/test/resources/login.feature:17)
]]></failure>
    </testcase>
</testsuite>
